##Organism: Solanum lycopersicum

##=== Beginning of TPF Data ===

AEKE02013047	?	SL2.50sc04133	MINUS
GAP	TYPE-2	253	PAIRED ENDS
AEKE02013046	?	SL2.50sc04133	MINUS
Contig1	?	SL2.50sc04133	PLUS
AEKE02013045	?	SL2.50sc04133	CONTAINED	Contig1	?
GAP	TYPE-2	488	PAIRED ENDS
AEKE02013044	?	SL2.50sc04133	MINUS
GAP	TYPE-2	642	PAIRED ENDS
AEKE02013043	?	SL2.50sc04133	MINUS
GAP	TYPE-2	20	PAIRED ENDS
AEKE02013042	?	SL2.50sc04133	MINUS
GAP	TYPE-2	963	PAIRED ENDS
AEKE02013041	?	SL2.50sc04133	MINUS
GAP	TYPE-3	2260001	FISH
Contig2	?	SL2.50sc04191	PLUS
AEKE02013591	?	SL2.50sc04191	CONTAINED	Contig2	?
AEKE02013592	?	SL2.50sc04191	PLUS
GAP	TYPE-2	20	PAIRED ENDS
AEKE02013593	?	SL2.50sc04191	PLUS
AC193777	?	SL2.50sc04191	PLUS
AEKE02013594	?	SL2.50sc04191	PLUS
GAP	TYPE-2	450	PAIRED ENDS
AEKE02013595	?	SL2.50sc04191	PLUS
##=== End of TPF Data ===

